c:\of_v0.9.3_vs_release\apps\myapps\sierpinsky\obj\debug\ofapp.obj
c:\of_v0.9.3_vs_release\apps\myapps\sierpinsky\obj\debug\main.obj
c:\of_v0.9.3_vs_release\apps\myapps\sierpinsky\obj\debug\puntomedio.obj
c:\of_v0.9.3_vs_release\apps\myapps\sierpinsky\obj\debug\putpixel.obj
c:\of_v0.9.3_vs_release\apps\myapps\sierpinsky\obj\debug\vc140.pdb
c:\of_v0.9.3_vs_release\apps\myapps\sierpinsky\obj\debug\vec3.obj
c:\of_v0.9.3_vs_release\apps\myapps\sierpinsky\bin\sierpinsky_debug.ilk
c:\of_v0.9.3_vs_release\apps\myapps\sierpinsky\bin\sierpinsky_debug.exe
c:\of_v0.9.3_vs_release\apps\myapps\sierpinsky\bin\sierpinsky_debug.pdb
c:\of_v0.9.3_vs_release\apps\myapps\sierpinsky\obj\debug\icon.res
c:\of_v0.9.3_vs_release\apps\myapps\sierpinsky\bin\sierpinsky_debug.lib
c:\of_v0.9.3_vs_release\apps\myapps\sierpinsky\bin\sierpinsky_debug.exp
c:\of_v0.9.3_vs_release\apps\myapps\sierpinsky\obj\debug\sierpinsky.vcxprojresolveassemblyreference.cache
c:\of_v0.9.3_vs_release\apps\myapps\sierpinsky\obj\debug\sierpinsky.tlog\cl.command.1.tlog
c:\of_v0.9.3_vs_release\apps\myapps\sierpinsky\obj\debug\sierpinsky.tlog\cl.read.1.tlog
c:\of_v0.9.3_vs_release\apps\myapps\sierpinsky\obj\debug\sierpinsky.tlog\cl.write.1.tlog
c:\of_v0.9.3_vs_release\apps\myapps\sierpinsky\obj\debug\sierpinsky.tlog\link.command.1.tlog
c:\of_v0.9.3_vs_release\apps\myapps\sierpinsky\obj\debug\sierpinsky.tlog\link.read.1.tlog
c:\of_v0.9.3_vs_release\apps\myapps\sierpinsky\obj\debug\sierpinsky.tlog\link.write.1.tlog
c:\of_v0.9.3_vs_release\apps\myapps\sierpinsky\obj\debug\sierpinsky.tlog\rc.command.1.tlog
c:\of_v0.9.3_vs_release\apps\myapps\sierpinsky\obj\debug\sierpinsky.tlog\rc.read.1.tlog
c:\of_v0.9.3_vs_release\apps\myapps\sierpinsky\obj\debug\sierpinsky.tlog\rc.write.1.tlog
c:\of_v0.9.3_vs_release\apps\myapps\sierpinsky\obj\debug\sierpinsky.tlog\sierpinsky.write.1u.tlog
